<?xml version="1.0" encoding="UTF-8"?>
<testsuites>
  <testsuite name="CodeIgniter Application Test Suite" tests="4" assertions="0" failures="0" errors="4" time="0.019611">
    <testsuite name="FundooAccountsController_test" file="/var/www/html/codeigniter/application/tests/controllers/FundooAccountsController_test.php" tests="4" assertions="0" failures="0" errors="4" time="0.019611">
      <testcase name="testForgotPasswordforgotPassword" class="FundooAccountsController_test" file="/var/www/html/codeigniter/application/tests/controllers/FundooAccountsController_test.php" line="16" assertions="0" time="0.017450">
        <error type="PHPUnit_Framework_ExceptionWrapper">FundooAccountsController_test::testForgotPasswordforgotPassword
TypeError: Argument 3 passed to SebastianBergmann\GlobalState\Snapshot::__construct() must be of the type boolean, null given, called in /usr/share/php/PHPUnit/Framework/TestCase.php on line 2177

</error>
      </testcase>
      <testcase name="testRegistration" class="FundooAccountsController_test" file="/var/www/html/codeigniter/application/tests/controllers/FundooAccountsController_test.php" line="30" assertions="0" time="0.000768">
        <error type="PHPUnit_Framework_ExceptionWrapper">FundooAccountsController_test::testRegistration
TypeError: Argument 3 passed to SebastianBergmann\GlobalState\Snapshot::__construct() must be of the type boolean, null given, called in /usr/share/php/PHPUnit/Framework/TestCase.php on line 2177

</error>
      </testcase>
      <testcase name="testResetPassword" class="FundooAccountsController_test" file="/var/www/html/codeigniter/application/tests/controllers/FundooAccountsController_test.php" line="51" assertions="0" time="0.000712">
        <error type="PHPUnit_Framework_ExceptionWrapper">FundooAccountsController_test::testResetPassword
TypeError: Argument 3 passed to SebastianBergmann\GlobalState\Snapshot::__construct() must be of the type boolean, null given, called in /usr/share/php/PHPUnit/Framework/TestCase.php on line 2177

</error>
      </testcase>
      <testcase name="testLoginValue" class="FundooAccountsController_test" file="/var/www/html/codeigniter/application/tests/controllers/FundooAccountsController_test.php" line="68" assertions="0" time="0.000681">
        <error type="PHPUnit_Framework_ExceptionWrapper">FundooAccountsController_test::testLoginValue
TypeError: Argument 3 passed to SebastianBergmann\GlobalState\Snapshot::__construct() must be of the type boolean, null given, called in /usr/share/php/PHPUnit/Framework/TestCase.php on line 2177

</error>
      </testcase>
    </testsuite>
  </testsuite>
</testsuites>
